# JRE version: OpenJDK Runtime Environment (14.0.2+12) (build 14.0.2+12-46)
# Java VM: OpenJDK 64-Bit Server VM (14.0.2+12-46, mixed mode, tiered, compressed oops, g1 gc, windows-amd64)
Heap:
 garbage-first heap   total 131072K, used 20659K [0x0000000081a00000, 0x0000000100000000)
  region size 1024K, 9 young (9216K), 3 survivors (3072K)
 Metaspace       used 19998K, capacity 20325K, committed 20608K, reserved 1067008K
  class space    used 1981K, capacity 2114K, committed 2176K, reserved 1048576K
GC Heap History (6 events):
Event: 2.700 GC heap before
{Heap before GC invocations=0 (full 0):
 garbage-first heap   total 131072K, used 20480K [0x0000000081a00000, 0x0000000100000000)
  region size 1024K, 13 young (13312K), 0 survivors (0K)
 Metaspace       used 16639K, capacity 16969K, committed 17024K, reserved 1064960K
  class space    used 1766K, capacity 1872K, committed 1920K, reserved 1048576K
}
Event: 2.705 GC heap after
{Heap after GC invocations=1 (full 0):
 garbage-first heap   total 131072K, used 7956K [0x0000000081a00000, 0x0000000100000000)
  region size 1024K, 2 young (2048K), 2 survivors (2048K)
 Metaspace       used 16639K, capacity 16969K, committed 17024K, reserved 1064960K
  class space    used 1766K, capacity 1872K, committed 1920K, reserved 1048576K
}
Event: 11.468 GC heap before
{Heap before GC invocations=1 (full 0):
 garbage-first heap   total 131072K, used 28436K [0x0000000081a00000, 0x0000000100000000)
  region size 1024K, 12 young (12288K), 2 survivors (2048K)
 Metaspace       used 19027K, capacity 19346K, committed 19584K, reserved 1067008K
  class space    used 1978K, capacity 2109K, committed 2176K, reserved 1048576K
}
Event: 11.473 GC heap after
{Heap after GC invocations=2 (full 0):
 garbage-first heap   total 131072K, used 16847K [0x0000000081a00000, 0x0000000100000000)
  region size 1024K, 2 young (2048K), 2 survivors (2048K)
 Metaspace       used 19027K, capacity 19346K, committed 19584K, reserved 1067008K
  class space    used 1978K, capacity 2109K, committed 2176K, reserved 1048576K
}
Event: 13.985 GC heap before
{Heap before GC invocations=2 (full 0):
 garbage-first heap   total 131072K, used 37327K [0x0000000081a00000, 0x0000000100000000)
  region size 1024K, 23 young (23552K), 2 survivors (2048K)
 Metaspace       used 19872K, capacity 20195K, committed 20352K, reserved 1067008K
  class space    used 1981K, capacity 2114K, committed 2176K, reserved 1048576K
}
Event: 13.990 GC heap after
{Heap after GC invocations=3 (full 0):
 garbage-first heap   total 131072K, used 15539K [0x0000000081a00000, 0x0000000100000000)
  region size 1024K, 3 young (3072K), 3 survivors (3072K)
 Metaspace       used 19872K, capacity 20195K, committed 20352K, reserved 1067008K
  class space    used 1981K, capacity 2114K, committed 2176K, reserved 1048576K
}

